[11:05:05.446] [INFO] [36mInitializing Storybook[39m
[11:05:05.843] [DEBUG] Getting package.json info for G:/Development/HappyDance/motion-library/package.json...
[11:05:05.843] [DEBUG] Getting CLI versions from NPM for storybook...
[11:05:05.843] [DEBUG] Executing command: pnpm info storybook version
[11:05:05.934] [INFO] Adding Storybook version 10.2.8 to your project
[11:05:05.936] [DEBUG] Project type detected: nextjs
[11:05:05.936] [DEBUG] Using cached package.json for G:\Development\HappyDance\motion-library\package.json...
[11:05:05.942] [INFO] Framework detected: nextjs-vite
[11:05:05.943] [DEBUG] Getting installed version for vitest...
[11:05:05.943] [DEBUG] Executing command: pnpm list "vitest" --json --depth=99
[11:05:05.968] [DEBUG] Error finding installations for vitest: ExecaError: Command failed with exit code 1: pnpm.cmd list """vitest""" --json "--depth=99"

'pnpm.cmd' is not recognized as an internal or external command,\r
operable program or batch file.
[11:05:05.968] [DEBUG] No installations found for vitest
[11:05:05.968] [DEBUG] Getting installed version for msw...
[11:05:05.969] [DEBUG] Executing command: pnpm list "msw" --json --depth=99
[11:05:05.992] [DEBUG] Error finding installations for msw: ExecaError: Command failed with exit code 1: pnpm.cmd list """msw""" --json "--depth=99"

'pnpm.cmd' is not recognized as an internal or external command,\r
operable program or batch file.
[11:05:05.992] [DEBUG] No installations found for msw
[11:05:06.828] [DEBUG] Using cached package.json for G:\Development\HappyDance\motion-library\package.json...
[11:05:06.828] [DEBUG] Using cached package.json for G:\Development\HappyDance\motion-library\package.json...
[11:05:06.828] [DEBUG] Using cached package.json for G:\Development\HappyDance\motion-library\package.json...
[11:05:06.829] [INFO] - Configuring ESLint plugin
[11:05:06.829] [DEBUG] Detected flat config at G:\Development\HappyDance\motion-library\eslint.config.mjs
[11:05:06.840] [DEBUG] Getting CLI versions from NPM for storybook...
[11:05:06.840] [DEBUG] Executing command: pnpm info storybook version
[11:05:06.863] [DEBUG] Getting CLI versions from NPM for @storybook/nextjs-vite...
[11:05:06.863] [DEBUG] Executing command: pnpm info @storybook/nextjs-vite version
[11:05:06.887] [DEBUG] Getting CLI versions from NPM for @chromatic-com/storybook...
[11:05:06.887] [DEBUG] Executing command: pnpm info @chromatic-com/storybook version
[11:05:06.911] [DEBUG] Getting CLI versions from NPM for @storybook/addon-vitest...
[11:05:06.911] [DEBUG] Executing command: pnpm info @storybook/addon-vitest version
[11:05:06.936] [DEBUG] Getting CLI versions from NPM for @storybook/addon-a11y...
[11:05:06.936] [DEBUG] Executing command: pnpm info @storybook/addon-a11y version
[11:05:06.960] [DEBUG] Getting CLI versions from NPM for @storybook/addon-docs...
[11:05:06.960] [DEBUG] Executing command: pnpm info @storybook/addon-docs version
[11:05:06.985] [DEBUG] Getting CLI versions from NPM for vite...
[11:05:06.985] [DEBUG] Executing command: pnpm info vite version
[11:05:07.013] [DEBUG] Getting CLI versions from NPM for eslint-plugin-storybook...
[11:05:07.013] [DEBUG] Executing command: pnpm info eslint-plugin-storybook version
[11:05:07.057] [INFO] - Configuring main.ts
[11:05:07.059] [INFO] - Configuring preview.ts
[11:05:07.059] [INFO] - Adding Storybook command to package.json
[11:05:07.060] [DEBUG] Getting package.json info for G:/Development/HappyDance/motion-library/package.json...
[11:05:07.060] [DEBUG] Using cached package.json for G:\Development\HappyDance\motion-library\package.json...
[11:05:07.060] [DEBUG] Using cached package.json for G:\Development\HappyDance\motion-library\package.json...
[11:05:07.061] [INFO] - Copying framework templates
[11:05:07.091] [DEBUG] Executing command: pnpm config get registry
[11:05:07.138] [ERROR] [38;2;241;97;97mError: Cannot find @storybook\nextjs-vite\package.json, Error [ERR_MODULE_NOT_FOUND]: Cannot find package '@storybook/nextjs-vite' imported from C:\Users\neil\AppData\Local\npm-cache\_npx\c98dac484ac87b2f\node_modules\storybook\dist\_node-chunks\chunk-C6KVY6VB.js
    at packageResolve (node:internal/modules/esm/resolve:873:9)
    at moduleResolve (node:internal/modules/esm/resolve:946:18)
    at defaultResolve (node:internal/modules/esm/resolve:1188:11)
    at nextResolve (node:internal/modules/esm/hooks:864:28)
    at Hooks.resolve (node:internal/modules/esm/hooks:306:30)
    at MessagePort.handleMessage (node:internal/modules/esm/worker:196:24)
    at [nodejs.internal.kHybridDispatch] (node:internal/event_target:831:20)
    at MessagePort.<anonymous> (node:internal/per_context/messageport:23:28)

ExecaError: Command failed with exit code 1: pnpm.cmd config get registry

'pnpm.cmd' is not recognized as an internal or external command,\r
operable program or batch file.
    at getFinalError (file:///C:/Users/neil/AppData/Local/npm-cache/_npx/c98dac484ac87b2f/node_modules/storybook/dist/_node-chunks/chunk-WF46L34H.js:13109:10)
    at makeError (file:///C:/Users/neil/AppData/Local/npm-cache/_npx/c98dac484ac87b2f/node_modules/storybook/dist/_node-chunks/chunk-WF46L34H.js:14645:15)
    at getAsyncResult (file:///C:/Users/neil/AppData/Local/npm-cache/_npx/c98dac484ac87b2f/node_modules/storybook/dist/_node-chunks/chunk-WF46L34H.js:17291:158)
    at handlePromise (file:///C:/Users/neil/AppData/Local/npm-cache/_npx/c98dac484ac87b2f/node_modules/storybook/dist/_node-chunks/chunk-WF46L34H.js:17277:162)
    at async PNPMProxy.getRegistryURL (file:///C:/Users/neil/AppData/Local/npm-cache/_npx/c98dac484ac87b2f/node_modules/storybook/dist/_node-chunks/chunk-WF46L34H.js:17898:24)
    at async resolveUsingBranchInstall (file:///C:/Users/neil/AppData/Local/npm-cache/_npx/c98dac484ac87b2f/node_modules/storybook/dist/_node-chunks/chunk-SD77JQJM.js:5383:15)
    at async getRendererDir (file:///C:/Users/neil/AppData/Local/npm-cache/_npx/c98dac484ac87b2f/node_modules/storybook/dist/_node-chunks/chunk-SD77JQJM.js:5406:12)
    at async templatePath (file:///C:/Users/neil/AppData/Local/npm-cache/_npx/c98dac484ac87b2f/node_modules/storybook/dist/_node-chunks/chunk-SD77JQJM.js:5484:19)
    at async copyTemplateFiles (file:///C:/Users/neil/AppData/Local/npm-cache/_npx/c98dac484ac87b2f/node_modules/storybook/dist/_node-chunks/chunk-SD77JQJM.js:5499:17)
    at async baseGenerator (file:///C:/Users/neil/AppData/Local/npm-cache/_npx/c98dac484ac87b2f/node_modules/create-storybook/dist/_node-chunks/chunk-M7TYML2Y.js:1296:152)[39m
    at getRendererDir (file:///C:/Users/neil/AppData/Local/npm-cache/_npx/c98dac484ac87b2f/node_modules/storybook/dist/_node-chunks/chunk-SD77JQJM.js:5410:9)
    at async templatePath (file:///C:/Users/neil/AppData/Local/npm-cache/_npx/c98dac484ac87b2f/node_modules/storybook/dist/_node-chunks/chunk-SD77JQJM.js:5484:19)
    at async copyTemplateFiles (file:///C:/Users/neil/AppData/Local/npm-cache/_npx/c98dac484ac87b2f/node_modules/storybook/dist/_node-chunks/chunk-SD77JQJM.js:5499:17)
    at async baseGenerator (file:///C:/Users/neil/AppData/Local/npm-cache/_npx/c98dac484ac87b2f/node_modules/create-storybook/dist/_node-chunks/chunk-M7TYML2Y.js:1296:152)
    at async GeneratorExecutionCommand.executeProjectGenerator (file:///C:/Users/neil/AppData/Local/npm-cache/_npx/c98dac484ac87b2f/node_modules/create-storybook/dist/_node-chunks/chunk-M7TYML2Y.js:1364:101)
    at async GeneratorExecutionCommand.execute (file:///C:/Users/neil/AppData/Local/npm-cache/_npx/c98dac484ac87b2f/node_modules/create-storybook/dist/_node-chunks/chunk-M7TYML2Y.js:1386:27)
    at async doInitiate (file:///C:/Users/neil/AppData/Local/npm-cache/_npx/c98dac484ac87b2f/node_modules/create-storybook/dist/_node-chunks/chunk-M7TYML2Y.js:2840:68)
    at async file:///C:/Users/neil/AppData/Local/npm-cache/_npx/c98dac484ac87b2f/node_modules/create-storybook/dist/_node-chunks/chunk-M7TYML2Y.js:2882:20
    at async withTelemetry (file:///C:/Users/neil/AppData/Local/npm-cache/_npx/c98dac484ac87b2f/node_modules/storybook/dist/_node-chunks/chunk-KIOKJLL5.js:218:12)
    at async initiate (file:///C:/Users/neil/AppData/Local/npm-cache/_npx/c98dac484ac87b2f/node_modules/create-storybook/dist/_node-chunks/chunk-M7TYML2Y.js:2875:24)